# JRE version: OpenJDK Runtime Environment Temurin-17.0.6+10 (17.0.6+10) (build 17.0.6+10)
# Java VM: OpenJDK 64-Bit Server VM Temurin-17.0.6+10 (17.0.6+10, mixed mode, emulated-client, tiered, compressed oops, compressed class ptrs, g1 gc, windows-amd64)
GC Precious Log:
 CPUs: 4 total, 4 available
 Memory: 8095M
 Large Page Support: Disabled
 NUMA Support: Disabled
 Compressed Oops: Enabled (32-bit)
 Heap Region Size: 1M
 Heap Min Capacity: 8M
 Heap Initial Capacity: 128M
 Heap Max Capacity: 1G
 Pre-touch: Disabled
 Parallel Workers: 4
 Concurrent Workers: 1
 Concurrent Refinement Workers: 4
 Periodic GC: Disabled
Heap:
 garbage-first heap   total 86016K, used 36957K [0x00000000c0000000, 0x0000000100000000)
  region size 1024K, 6 young (6144K), 0 survivors (0K)
 Metaspace       used 58639K, committed 59072K, reserved 1105920K
  class space    used 7305K, committed 7488K, reserved 1048576K
GC Heap History (20 events):
Event: 6160.988 GC heap before
{Heap before GC invocations=509 (full 392):
 garbage-first heap   total 86016K, used 31837K [0x00000000c0000000, 0x0000000100000000)
  region size 1024K, 1 young (1024K), 0 survivors (0K)
 Metaspace       used 58639K, committed 59072K, reserved 1105920K
  class space    used 7305K, committed 7488K, reserved 1048576K
}
Event: 6161.059 GC heap after
{Heap after GC invocations=510 (full 393):
 garbage-first heap   total 86016K, used 31837K [0x00000000c0000000, 0x0000000100000000)
  region size 1024K, 0 young (0K), 0 survivors (0K)
 Metaspace       used 58639K, committed 59072K, reserved 1105920K
  class space    used 7305K, committed 7488K, reserved 1048576K
}
Event: 6171.111 GC heap before
{Heap before GC invocations=510 (full 393):
 garbage-first heap   total 86016K, used 31837K [0x00000000c0000000, 0x0000000100000000)
  region size 1024K, 1 young (1024K), 0 survivors (0K)
 Metaspace       used 58639K, committed 59072K, reserved 1105920K
  class space    used 7305K, committed 7488K, reserved 1048576K
}
Event: 6171.175 GC heap after
{Heap after GC invocations=511 (full 394):
 garbage-first heap   total 86016K, used 31837K [0x00000000c0000000, 0x0000000100000000)
  region size 1024K, 0 young (0K), 0 survivors (0K)
 Metaspace       used 58639K, committed 59072K, reserved 1105920K
  class space    used 7305K, committed 7488K, reserved 1048576K
}
Event: 6181.234 GC heap before
{Heap before GC invocations=511 (full 394):
 garbage-first heap   total 86016K, used 31837K [0x00000000c0000000, 0x0000000100000000)
  region size 1024K, 1 young (1024K), 0 survivors (0K)
 Metaspace       used 58639K, committed 59072K, reserved 1105920K
  class space    used 7305K, committed 7488K, reserved 1048576K
}
Event: 6181.296 GC heap after
{Heap after GC invocations=512 (full 395):
 garbage-first heap   total 86016K, used 31837K [0x00000000c0000000, 0x0000000100000000)
  region size 1024K, 0 young (0K), 0 survivors (0K)
 Metaspace       used 58639K, committed 59072K, reserved 1105920K
  class space    used 7305K, committed 7488K, reserved 1048576K
}
Event: 6191.345 GC heap before
{Heap before GC invocations=512 (full 395):
 garbage-first heap   total 86016K, used 31837K [0x00000000c0000000, 0x0000000100000000)
  region size 1024K, 1 young (1024K), 0 survivors (0K)
 Metaspace       used 58639K, committed 59072K, reserved 1105920K
  class space    used 7305K, committed 7488K, reserved 1048576K
}
Event: 6191.417 GC heap after
{Heap after GC invocations=513 (full 396):
 garbage-first heap   total 86016K, used 31837K [0x00000000c0000000, 0x0000000100000000)
  region size 1024K, 0 young (0K), 0 survivors (0K)
 Metaspace       used 58639K, committed 59072K, reserved 1105920K
  class space    used 7305K, committed 7488K, reserved 1048576K
}
Event: 6201.478 GC heap before
{Heap before GC invocations=513 (full 396):
 garbage-first heap   total 86016K, used 31837K [0x00000000c0000000, 0x0000000100000000)
  region size 1024K, 1 young (1024K), 0 survivors (0K)
 Metaspace       used 58639K, committed 59072K, reserved 1105920K
  class space    used 7305K, committed 7488K, reserved 1048576K
}
Event: 6201.535 GC heap after
{Heap after GC invocations=514 (full 397):
 garbage-first heap   total 86016K, used 31837K [0x00000000c0000000, 0x0000000100000000)
  region size 1024K, 0 young (0K), 0 survivors (0K)
 Metaspace       used 58639K, committed 59072K, reserved 1105920K
  class space    used 7305K, committed 7488K, reserved 1048576K
}
Event: 6211.592 GC heap before
{Heap before GC invocations=514 (full 397):
 garbage-first heap   total 86016K, used 31837K [0x00000000c0000000, 0x0000000100000000)
  region size 1024K, 1 young (1024K), 0 survivors (0K)
 Metaspace       used 58639K, committed 59072K, reserved 1105920K
  class space    used 7305K, committed 7488K, reserved 1048576K
}
Event: 6211.650 GC heap after
{Heap after GC invocations=515 (full 398):
 garbage-first heap   total 86016K, used 31837K [0x00000000c0000000, 0x0000000100000000)
  region size 1024K, 0 young (0K), 0 survivors (0K)
 Metaspace       used 58639K, committed 59072K, reserved 1105920K
  class space    used 7305K, committed 7488K, reserved 1048576K
}
Event: 6221.779 GC heap before
{Heap before GC invocations=515 (full 398):
 garbage-first heap   total 86016K, used 31837K [0x00000000c0000000, 0x0000000100000000)
  region size 1024K, 1 young (1024K), 0 survivors (0K)
 Metaspace       used 58639K, committed 59072K, reserved 1105920K
  class space    used 7305K, committed 7488K, reserved 1048576K
}
Event: 6221.871 GC heap after
{Heap after GC invocations=516 (full 399):
 garbage-first heap   total 86016K, used 31837K [0x00000000c0000000, 0x0000000100000000)
  region size 1024K, 0 young (0K), 0 survivors (0K)
 Metaspace       used 58639K, committed 59072K, reserved 1105920K
  class space    used 7305K, committed 7488K, reserved 1048576K
}
Event: 6231.934 GC heap before
{Heap before GC invocations=516 (full 399):
 garbage-first heap   total 86016K, used 31837K [0x00000000c0000000, 0x0000000100000000)
  region size 1024K, 1 young (1024K), 0 survivors (0K)
 Metaspace       used 58639K, committed 59072K, reserved 1105920K
  class space    used 7305K, committed 7488K, reserved 1048576K
}
Event: 6231.994 GC heap after
{Heap after GC invocations=517 (full 400):
 garbage-first heap   total 86016K, used 31837K [0x00000000c0000000, 0x0000000100000000)
  region size 1024K, 0 young (0K), 0 survivors (0K)
 Metaspace       used 58639K, committed 59072K, reserved 1105920K
  class space    used 7305K, committed 7488K, reserved 1048576K
}
Event: 6242.034 GC heap before
{Heap before GC invocations=517 (full 400):
 garbage-first heap   total 86016K, used 31837K [0x00000000c0000000, 0x0000000100000000)
  region size 1024K, 1 young (1024K), 0 survivors (0K)
 Metaspace       used 58639K, committed 59072K, reserved 1105920K
  class space    used 7305K, committed 7488K, reserved 1048576K
}
Event: 6242.089 GC heap after
{Heap after GC invocations=518 (full 401):
 garbage-first heap   total 86016K, used 31837K [0x00000000c0000000, 0x0000000100000000)
  region size 1024K, 0 young (0K), 0 survivors (0K)
 Metaspace       used 58639K, committed 59072K, reserved 1105920K
  class space    used 7305K, committed 7488K, reserved 1048576K
}
Event: 6252.154 GC heap before
{Heap before GC invocations=518 (full 401):
 garbage-first heap   total 86016K, used 31837K [0x00000000c0000000, 0x0000000100000000)
  region size 1024K, 1 young (1024K), 0 survivors (0K)
 Metaspace       used 58639K, committed 59072K, reserved 1105920K
  class space    used 7305K, committed 7488K, reserved 1048576K
}
Event: 6252.211 GC heap after
{Heap after GC invocations=519 (full 402):
 garbage-first heap   total 86016K, used 31837K [0x00000000c0000000, 0x0000000100000000)
  region size 1024K, 0 young (0K), 0 survivors (0K)
 Metaspace       used 58639K, committed 59072K, reserved 1105920K
  class space    used 7305K, committed 7488K, reserved 1048576K
}

